mode: set
link-test/business/account/service.go:11.42,15.2 1 1
link-test/business/account/service.go:17.70,19.17 1 1
link-test/business/account/service.go:23.2,25.16 2 1
link-test/business/account/service.go:28.2,28.21 1 1
link-test/business/account/service.go:19.17,21.3 1 1
link-test/business/account/service.go:25.16,27.3 1 1
link-test/business/account/service.go:31.58,33.62 1 1
link-test/business/account/service.go:37.2,40.16 3 1
link-test/business/account/service.go:44.2,44.33 1 0
link-test/business/account/service.go:48.2,53.16 4 0
link-test/business/account/service.go:57.2,57.12 1 0
link-test/business/account/service.go:33.62,35.3 1 1
link-test/business/account/service.go:40.16,42.3 1 1
link-test/business/account/service.go:44.33,46.3 1 0
link-test/business/account/service.go:53.16,55.3 1 0
link-test/business/account/mocks/Repository.go:13.81,17.68 3 1
link-test/business/account/mocks/Repository.go:25.2,26.57 2 1
link-test/business/account/mocks/Repository.go:32.2,32.15 1 1
link-test/business/account/mocks/Repository.go:17.68,19.3 1 0
link-test/business/account/mocks/Repository.go:19.8,20.24 1 1
link-test/business/account/mocks/Repository.go:20.24,22.4 1 1
link-test/business/account/mocks/Repository.go:26.57,28.3 1 0
link-test/business/account/mocks/Repository.go:28.8,30.3 1 1
link-test/business/account/mocks/Repository.go:35.69,39.68 3 0
link-test/business/account/mocks/Repository.go:45.2,45.11 1 0
link-test/business/account/mocks/Repository.go:39.68,41.3 1 0
link-test/business/account/mocks/Repository.go:41.8,43.3 1 0
